{'word': '/export/fhome/jcomes/WLASL1/data/WLASL2000'} /export/fhome/jcomes/WLASL1/WLASL/I3D/preprocess/nslt_100.json
Skipped videos:  0
1780
Skipped videos:  0
258
Epoch 1
Train | Loss: 4.6216 | Acc: 0.96% | F1: 0.0015
Epoch 2
Train | Loss: 4.6105 | Acc: 1.69% | F1: 0.0018
Epoch 3
Train | Loss: 4.6264 | Acc: 1.24% | F1: 0.0021
Epoch 4
Train | Loss: 4.6120 | Acc: 1.57% | F1: 0.0012
Epoch 5
Train | Loss: 4.6165 | Acc: 1.80% | F1: 0.0024
Epoch 6
Train | Loss: 4.6146 | Acc: 2.13% | F1: 0.0032
Epoch 7
Train | Loss: 4.6135 | Acc: 1.69% | F1: 0.0027
Epoch 8
Train | Loss: 4.6194 | Acc: 1.63% | F1: 0.0019
Epoch 9
Train | Loss: 4.6209 | Acc: 1.69% | F1: 0.0027
Epoch 10
Train | Loss: 4.6128 | Acc: 1.52% | F1: 0.0021
Val   | Loss: 4.6057 | Acc: 1.16% | F1: 0.0003
Validation accuracy improved, model saved.
Epoch 11
Train | Loss: 4.6118 | Acc: 1.97% | F1: 0.0031
Epoch 12
Train | Loss: 4.6097 | Acc: 1.35% | F1: 0.0015
Epoch 13
Train | Loss: 4.6067 | Acc: 1.97% | F1: 0.0030
Epoch 14
Train | Loss: 4.6021 | Acc: 2.19% | F1: 0.0038
Epoch 15
Train | Loss: 4.6025 | Acc: 1.57% | F1: 0.0014
Epoch 16
Train | Loss: 4.6019 | Acc: 1.24% | F1: 0.0014
Epoch 17
Train | Loss: 4.5965 | Acc: 1.52% | F1: 0.0022
Epoch 18
Train | Loss: 4.6014 | Acc: 1.24% | F1: 0.0037
Epoch 19
Train | Loss: 4.5991 | Acc: 1.80% | F1: 0.0037
Epoch 20
Train | Loss: 4.5979 | Acc: 1.74% | F1: 0.0037
Val   | Loss: 4.6107 | Acc: 0.78% | F1: 0.0002
No improvement for 1 epoch(s).
Epoch 21
Train | Loss: 4.5942 | Acc: 1.46% | F1: 0.0024
Epoch 22
Train | Loss: 4.5915 | Acc: 1.35% | F1: 0.0027
Epoch 23
Train | Loss: 4.5935 | Acc: 1.40% | F1: 0.0025
Epoch 24
Train | Loss: 4.5912 | Acc: 1.46% | F1: 0.0024
Epoch 25
Train | Loss: 4.5975 | Acc: 1.52% | F1: 0.0022
Epoch 26
Train | Loss: 4.5922 | Acc: 1.69% | F1: 0.0050
Epoch 27
Train | Loss: 4.5870 | Acc: 1.35% | F1: 0.0054
Epoch 28
Train | Loss: 4.5767 | Acc: 2.13% | F1: 0.0070
Epoch 29
Train | Loss: 4.5737 | Acc: 1.80% | F1: 0.0056
Epoch 30
Train | Loss: 4.5706 | Acc: 1.74% | F1: 0.0069
Val   | Loss: 4.6048 | Acc: 1.55% | F1: 0.0053
Validation accuracy improved, model saved.
Epoch 31
Train | Loss: 4.5690 | Acc: 2.30% | F1: 0.0105
Epoch 32
Train | Loss: 4.5587 | Acc: 2.02% | F1: 0.0077
Epoch 33
Train | Loss: 4.5633 | Acc: 1.57% | F1: 0.0063
Epoch 34
Train | Loss: 4.5669 | Acc: 1.91% | F1: 0.0087
Epoch 35
Train | Loss: 4.5356 | Acc: 2.25% | F1: 0.0096
Epoch 36
Train | Loss: 4.5359 | Acc: 1.97% | F1: 0.0083
Epoch 37
Train | Loss: 4.5349 | Acc: 2.42% | F1: 0.0117
Epoch 38
Train | Loss: 4.5277 | Acc: 2.25% | F1: 0.0108
Epoch 39
Train | Loss: 4.5151 | Acc: 2.42% | F1: 0.0129
Epoch 40
Train | Loss: 4.5126 | Acc: 2.81% | F1: 0.0122
Val   | Loss: 4.6143 | Acc: 1.55% | F1: 0.0028
No improvement for 1 epoch(s).
Epoch 41
Train | Loss: 4.5031 | Acc: 2.87% | F1: 0.0154
Epoch 42
Train | Loss: 4.5018 | Acc: 2.92% | F1: 0.0137
Epoch 43
Train | Loss: 4.4769 | Acc: 3.09% | F1: 0.0146
Epoch 44
Train | Loss: 4.4507 | Acc: 3.03% | F1: 0.0162
Epoch 45
Train | Loss: 4.4364 | Acc: 2.25% | F1: 0.0144
Epoch 46
Train | Loss: 4.3981 | Acc: 3.26% | F1: 0.0200
Epoch 47
Train | Loss: 4.3742 | Acc: 3.20% | F1: 0.0202
Epoch 48
Train | Loss: 4.3175 | Acc: 2.64% | F1: 0.0153
Epoch 49
Train | Loss: 4.2706 | Acc: 3.20% | F1: 0.0224
Epoch 50
Train | Loss: 4.2349 | Acc: 3.09% | F1: 0.0217
Val   | Loss: 4.3653 | Acc: 2.33% | F1: 0.0075
Validation accuracy improved, model saved.
Epoch 51
Train | Loss: 4.1915 | Acc: 3.54% | F1: 0.0239
Epoch 52
Train | Loss: 4.1599 | Acc: 3.76% | F1: 0.0271
Epoch 53
Train | Loss: 4.1194 | Acc: 3.93% | F1: 0.0306
Epoch 54
Train | Loss: 4.0938 | Acc: 5.00% | F1: 0.0393
Epoch 55
Train | Loss: 4.0483 | Acc: 4.38% | F1: 0.0334
Epoch 56
Train | Loss: 3.9909 | Acc: 6.24% | F1: 0.0462
Epoch 57
Train | Loss: 3.9459 | Acc: 6.29% | F1: 0.0496
Epoch 58
Train | Loss: 3.8969 | Acc: 5.67% | F1: 0.0405
Epoch 59
Train | Loss: 3.8752 | Acc: 6.69% | F1: 0.0497
Epoch 60
Train | Loss: 3.8010 | Acc: 8.43% | F1: 0.0680
Val   | Loss: 4.0785 | Acc: 8.53% | F1: 0.0381
Validation accuracy improved, model saved.
Epoch 61
Train | Loss: 3.7623 | Acc: 8.60% | F1: 0.0713
Epoch 62
Train | Loss: 3.6822 | Acc: 9.55% | F1: 0.0777
Epoch 63
Train | Loss: 3.6439 | Acc: 8.99% | F1: 0.0706
Epoch 64
Train | Loss: 3.5801 | Acc: 11.69% | F1: 0.0980
Epoch 65
Train | Loss: 3.5240 | Acc: 12.13% | F1: 0.1038
Epoch 66
Train | Loss: 3.4677 | Acc: 12.13% | F1: 0.1003
Epoch 67
Train | Loss: 3.4160 | Acc: 12.75% | F1: 0.1134
Epoch 68
Train | Loss: 3.3569 | Acc: 13.60% | F1: 0.1187
Epoch 69
Train | Loss: 3.2911 | Acc: 15.34% | F1: 0.1318
Epoch 70
Train | Loss: 3.2514 | Acc: 15.45% | F1: 0.1386
Val   | Loss: 3.4760 | Acc: 10.85% | F1: 0.0649
Validation accuracy improved, model saved.
Epoch 71
Train | Loss: 3.1589 | Acc: 17.19% | F1: 0.1552
Epoch 72
Train | Loss: 3.1390 | Acc: 17.25% | F1: 0.1551
Epoch 73
Train | Loss: 3.0897 | Acc: 18.09% | F1: 0.1661
Epoch 74
Train | Loss: 3.0501 | Acc: 19.83% | F1: 0.1845
Epoch 75
Train | Loss: 2.9520 | Acc: 20.00% | F1: 0.1860
Epoch 76
Train | Loss: 2.9472 | Acc: 20.90% | F1: 0.1926
Epoch 77
Train | Loss: 2.8490 | Acc: 23.48% | F1: 0.2190
Epoch 78
Train | Loss: 2.8535 | Acc: 22.98% | F1: 0.2163
Epoch 79
Train | Loss: 2.7375 | Acc: 25.22% | F1: 0.2383
Epoch 80
Train | Loss: 2.7336 | Acc: 24.55% | F1: 0.2301
Val   | Loss: 3.2521 | Acc: 22.48% | F1: 0.1774
Validation accuracy improved, model saved.
Epoch 81
Train | Loss: 2.6566 | Acc: 26.97% | F1: 0.2548
Epoch 82
Train | Loss: 2.5889 | Acc: 28.65% | F1: 0.2734
Epoch 83
Train | Loss: 2.5846 | Acc: 28.43% | F1: 0.2739
Epoch 84
Train | Loss: 2.4696 | Acc: 30.22% | F1: 0.2846
Epoch 85
Train | Loss: 2.4523 | Acc: 31.18% | F1: 0.2979
Epoch 86
Train | Loss: 2.4188 | Acc: 31.24% | F1: 0.3016
Epoch 87
Train | Loss: 2.3833 | Acc: 33.48% | F1: 0.3205
Epoch 88
Train | Loss: 2.3236 | Acc: 34.38% | F1: 0.3318
Epoch 89
Train | Loss: 2.2245 | Acc: 36.85% | F1: 0.3593
Epoch 90
Train | Loss: 2.1923 | Acc: 38.03% | F1: 0.3660
Val   | Loss: 3.2399 | Acc: 23.64% | F1: 0.2057
Validation accuracy improved, model saved.
Epoch 91
Train | Loss: 2.1549 | Acc: 37.02% | F1: 0.3577
Epoch 92
Train | Loss: 2.1042 | Acc: 38.54% | F1: 0.3743
Epoch 93
Train | Loss: 2.0889 | Acc: 40.06% | F1: 0.3890
Epoch 94
Train | Loss: 2.0445 | Acc: 41.35% | F1: 0.4026
Epoch 95
Train | Loss: 1.9539 | Acc: 42.02% | F1: 0.4081
Epoch 96
Train | Loss: 1.9247 | Acc: 44.83% | F1: 0.4405
Epoch 97
Train | Loss: 1.8830 | Acc: 45.17% | F1: 0.4463
Epoch 98
Train | Loss: 1.8768 | Acc: 45.67% | F1: 0.4489
Epoch 99
Train | Loss: 1.7846 | Acc: 46.24% | F1: 0.4532
Epoch 100
Train | Loss: 1.7767 | Acc: 48.20% | F1: 0.4747
Val   | Loss: 3.4121 | Acc: 27.13% | F1: 0.2326
Validation accuracy improved, model saved.
