Skipped videos:  0
1780
Skipped videos:  0
258
Epoch 001 - Train Loss: 4.6279 | Acc: 1.40% | F1: 0.0031
Epoch 001 - Val   Loss: 4.6035 | Acc: 1.55% | F1: 0.0005

Best model saved at epoch 1 with Acc: 1.55%, F1: 0.0005

Epoch 002 - Train Loss: 4.6058 | Acc: 1.63% | F1: 0.0014
Epoch 002 - Val   Loss: 4.6021 | Acc: 1.55% | F1: 0.0005
Epoch 003 - Train Loss: 4.6076 | Acc: 2.02% | F1: 0.0015
Epoch 003 - Val   Loss: 5.8468 | Acc: 1.55% | F1: 0.0005
Epoch 004 - Train Loss: 4.6083 | Acc: 1.97% | F1: 0.0008
Epoch 004 - Val   Loss: 4.6016 | Acc: 1.55% | F1: 0.0005
Epoch 005 - Train Loss: 4.6099 | Acc: 1.91% | F1: 0.0011
Epoch 005 - Val   Loss: 4.6224 | Acc: 1.55% | F1: 0.0005
Epoch 006 - Train Loss: 4.6047 | Acc: 1.97% | F1: 0.0008
Epoch 006 - Val   Loss: 4.6003 | Acc: 1.55% | F1: 0.0005
Epoch 007 - Train Loss: 4.6023 | Acc: 2.02% | F1: 0.0008
Epoch 007 - Val   Loss: 4.6983 | Acc: 1.55% | F1: 0.0005
Epoch 008 - Train Loss: 4.6080 | Acc: 1.80% | F1: 0.0007
Epoch 008 - Val   Loss: 4.6005 | Acc: 1.55% | F1: 0.0005
Epoch 009 - Train Loss: 4.6091 | Acc: 1.97% | F1: 0.0025
Epoch 009 - Val   Loss: 4.7863 | Acc: 1.55% | F1: 0.0005
Epoch 010 - Train Loss: 4.6046 | Acc: 2.02% | F1: 0.0008
Epoch 010 - Val   Loss: 4.5935 | Acc: 1.55% | F1: 0.0005
Epoch 011 - Train Loss: 4.5931 | Acc: 2.02% | F1: 0.0008
Epoch 011 - Val   Loss: 4.5892 | Acc: 1.55% | F1: 0.0005
Epoch 012 - Train Loss: 4.5916 | Acc: 2.02% | F1: 0.0008
Epoch 012 - Val   Loss: 4.5895 | Acc: 1.55% | F1: 0.0005
Epoch 013 - Train Loss: 4.5894 | Acc: 2.02% | F1: 0.0008
Epoch 013 - Val   Loss: 4.5844 | Acc: 1.55% | F1: 0.0005
Epoch 014 - Train Loss: 4.5905 | Acc: 2.02% | F1: 0.0008
Epoch 014 - Val   Loss: 4.5825 | Acc: 1.55% | F1: 0.0005
Epoch 015 - Train Loss: 4.5887 | Acc: 2.02% | F1: 0.0008
Epoch 015 - Val   Loss: 4.5811 | Acc: 1.55% | F1: 0.0005
Epoch 016 - Train Loss: 4.5889 | Acc: 2.02% | F1: 0.0008
Epoch 016 - Val   Loss: 4.5806 | Acc: 1.55% | F1: 0.0005
Epoch 017 - Train Loss: 4.5871 | Acc: 2.02% | F1: 0.0008
Epoch 017 - Val   Loss: 4.5789 | Acc: 1.55% | F1: 0.0005
Epoch 018 - Train Loss: 4.5863 | Acc: 2.02% | F1: 0.0008
Epoch 018 - Val   Loss: 4.5838 | Acc: 1.55% | F1: 0.0005
Epoch 019 - Train Loss: 4.5830 | Acc: 2.02% | F1: 0.0008
Epoch 019 - Val   Loss: 4.5822 | Acc: 1.55% | F1: 0.0005
Epoch 020 - Train Loss: 4.5910 | Acc: 2.02% | F1: 0.0008
Epoch 020 - Val   Loss: 4.5767 | Acc: 1.55% | F1: 0.0005
Epoch 021 - Train Loss: 4.5849 | Acc: 2.02% | F1: 0.0008
Epoch 021 - Val   Loss: 4.5715 | Acc: 1.55% | F1: 0.0005
Epoch 022 - Train Loss: 4.5837 | Acc: 2.02% | F1: 0.0008
Epoch 022 - Val   Loss: 4.5721 | Acc: 1.55% | F1: 0.0005
Epoch 023 - Train Loss: 4.5855 | Acc: 2.02% | F1: 0.0008
Epoch 023 - Val   Loss: 4.5722 | Acc: 1.55% | F1: 0.0005
Epoch 024 - Train Loss: 4.5817 | Acc: 2.02% | F1: 0.0008
Epoch 024 - Val   Loss: 4.5707 | Acc: 1.55% | F1: 0.0005
Epoch 025 - Train Loss: 4.5818 | Acc: 2.02% | F1: 0.0008
Epoch 025 - Val   Loss: 4.5724 | Acc: 1.55% | F1: 0.0005
Epoch 026 - Train Loss: 4.5827 | Acc: 2.02% | F1: 0.0008
Epoch 026 - Val   Loss: 4.5721 | Acc: 1.55% | F1: 0.0005
Epoch 027 - Train Loss: 4.5821 | Acc: 2.02% | F1: 0.0008
Epoch 027 - Val   Loss: 4.5717 | Acc: 1.55% | F1: 0.0005
Epoch 028 - Train Loss: 4.5828 | Acc: 2.02% | F1: 0.0008
Epoch 028 - Val   Loss: 4.5709 | Acc: 1.55% | F1: 0.0005
Epoch 029 - Train Loss: 4.5820 | Acc: 2.02% | F1: 0.0008
Epoch 029 - Val   Loss: 4.5736 | Acc: 1.55% | F1: 0.0005
Epoch 030 - Train Loss: 4.5806 | Acc: 2.02% | F1: 0.0008
Epoch 030 - Val   Loss: 4.5713 | Acc: 1.55% | F1: 0.0005
Epoch 031 - Train Loss: 4.5794 | Acc: 2.02% | F1: 0.0008
Epoch 031 - Val   Loss: 4.5716 | Acc: 1.55% | F1: 0.0005
Epoch 032 - Train Loss: 4.5805 | Acc: 2.02% | F1: 0.0008
Epoch 032 - Val   Loss: 4.5707 | Acc: 1.55% | F1: 0.0005
Epoch 033 - Train Loss: 4.5845 | Acc: 2.02% | F1: 0.0008
Epoch 033 - Val   Loss: 4.5698 | Acc: 1.55% | F1: 0.0005
Epoch 034 - Train Loss: 4.5799 | Acc: 2.02% | F1: 0.0008
Epoch 034 - Val   Loss: 4.5720 | Acc: 1.55% | F1: 0.0005
Epoch 035 - Train Loss: 4.5835 | Acc: 2.02% | F1: 0.0008
Epoch 035 - Val   Loss: 4.5709 | Acc: 1.55% | F1: 0.0005
Epoch 036 - Train Loss: 4.5830 | Acc: 2.02% | F1: 0.0008
Epoch 036 - Val   Loss: 4.5722 | Acc: 1.55% | F1: 0.0005
Epoch 037 - Train Loss: 4.5817 | Acc: 2.02% | F1: 0.0008
Epoch 037 - Val   Loss: 4.5694 | Acc: 1.55% | F1: 0.0005
Epoch 038 - Train Loss: 4.5831 | Acc: 2.02% | F1: 0.0008
Epoch 038 - Val   Loss: 4.5702 | Acc: 1.55% | F1: 0.0005
Epoch 039 - Train Loss: 4.5815 | Acc: 2.02% | F1: 0.0008
Epoch 039 - Val   Loss: 4.5708 | Acc: 1.55% | F1: 0.0005
Epoch 040 - Train Loss: 4.5798 | Acc: 2.02% | F1: 0.0008
Epoch 040 - Val   Loss: 4.5705 | Acc: 1.55% | F1: 0.0005
Epoch 041 - Train Loss: 4.5848 | Acc: 2.02% | F1: 0.0008
Epoch 041 - Val   Loss: 4.5734 | Acc: 1.55% | F1: 0.0005
Epoch 042 - Train Loss: 4.5783 | Acc: 2.02% | F1: 0.0008
Epoch 042 - Val   Loss: 4.5713 | Acc: 1.55% | F1: 0.0005
Epoch 043 - Train Loss: 4.5800 | Acc: 2.02% | F1: 0.0008
Epoch 043 - Val   Loss: 4.5694 | Acc: 1.55% | F1: 0.0005
Epoch 044 - Train Loss: 4.5814 | Acc: 2.02% | F1: 0.0008
Epoch 044 - Val   Loss: 4.5694 | Acc: 1.55% | F1: 0.0005
Epoch 045 - Train Loss: 4.5827 | Acc: 2.02% | F1: 0.0008
Epoch 045 - Val   Loss: 4.5716 | Acc: 1.55% | F1: 0.0005
Epoch 046 - Train Loss: 4.5860 | Acc: 2.02% | F1: 0.0008
Epoch 046 - Val   Loss: 4.5723 | Acc: 1.55% | F1: 0.0005
Epoch 047 - Train Loss: 4.5850 | Acc: 2.02% | F1: 0.0008
Epoch 047 - Val   Loss: 4.5704 | Acc: 1.55% | F1: 0.0005
Epoch 048 - Train Loss: 4.5822 | Acc: 2.02% | F1: 0.0008
Epoch 048 - Val   Loss: 4.5694 | Acc: 1.55% | F1: 0.0005
Epoch 049 - Train Loss: 4.5820 | Acc: 2.02% | F1: 0.0008
Epoch 049 - Val   Loss: 4.5724 | Acc: 1.55% | F1: 0.0005
Epoch 050 - Train Loss: 4.5811 | Acc: 2.02% | F1: 0.0008
Epoch 050 - Val   Loss: 4.5699 | Acc: 1.55% | F1: 0.0005
Epoch 051 - Train Loss: 4.5843 | Acc: 2.02% | F1: 0.0008
Epoch 051 - Val   Loss: 4.5718 | Acc: 1.55% | F1: 0.0005
Epoch 052 - Train Loss: 4.5804 | Acc: 2.02% | F1: 0.0008
Epoch 052 - Val   Loss: 4.5705 | Acc: 1.55% | F1: 0.0005
Epoch 053 - Train Loss: 4.5763 | Acc: 2.02% | F1: 0.0008
Epoch 053 - Val   Loss: 4.5713 | Acc: 1.55% | F1: 0.0005
Epoch 054 - Train Loss: 4.5803 | Acc: 2.02% | F1: 0.0008
Epoch 054 - Val   Loss: 4.5677 | Acc: 1.55% | F1: 0.0005
Epoch 055 - Train Loss: 4.5824 | Acc: 2.02% | F1: 0.0008
Epoch 055 - Val   Loss: 4.5719 | Acc: 1.55% | F1: 0.0005
Epoch 056 - Train Loss: 4.5809 | Acc: 2.02% | F1: 0.0008
Epoch 056 - Val   Loss: 4.5733 | Acc: 1.55% | F1: 0.0005
Epoch 057 - Train Loss: 4.5843 | Acc: 2.02% | F1: 0.0008
Epoch 057 - Val   Loss: 4.5717 | Acc: 1.55% | F1: 0.0005
Epoch 058 - Train Loss: 4.5787 | Acc: 2.02% | F1: 0.0008
Epoch 058 - Val   Loss: 4.5689 | Acc: 1.55% | F1: 0.0005
Epoch 059 - Train Loss: 4.5807 | Acc: 2.02% | F1: 0.0008
Epoch 059 - Val   Loss: 4.5688 | Acc: 1.55% | F1: 0.0005
Epoch 060 - Train Loss: 4.5784 | Acc: 2.02% | F1: 0.0008
Epoch 060 - Val   Loss: 4.5694 | Acc: 1.55% | F1: 0.0005
Epoch 061 - Train Loss: 4.5824 | Acc: 2.02% | F1: 0.0008
Epoch 061 - Val   Loss: 4.5710 | Acc: 1.55% | F1: 0.0005
Epoch 062 - Train Loss: 4.5833 | Acc: 2.02% | F1: 0.0008
Epoch 062 - Val   Loss: 4.5721 | Acc: 1.55% | F1: 0.0005
Epoch 063 - Train Loss: 4.5766 | Acc: 2.02% | F1: 0.0008
Epoch 063 - Val   Loss: 4.5730 | Acc: 1.55% | F1: 0.0005
Epoch 064 - Train Loss: 4.5792 | Acc: 2.02% | F1: 0.0008
Epoch 064 - Val   Loss: 4.5707 | Acc: 1.55% | F1: 0.0005
Epoch 065 - Train Loss: 4.5791 | Acc: 2.02% | F1: 0.0008
Epoch 065 - Val   Loss: 4.5708 | Acc: 1.55% | F1: 0.0005
Epoch 066 - Train Loss: 4.5805 | Acc: 2.02% | F1: 0.0008
Epoch 066 - Val   Loss: 4.5718 | Acc: 1.55% | F1: 0.0005
Epoch 067 - Train Loss: 4.5815 | Acc: 2.02% | F1: 0.0008
Epoch 067 - Val   Loss: 4.5700 | Acc: 1.55% | F1: 0.0005
Epoch 068 - Train Loss: 4.5796 | Acc: 2.02% | F1: 0.0008
Epoch 068 - Val   Loss: 4.5706 | Acc: 1.55% | F1: 0.0005
Epoch 069 - Train Loss: 4.5823 | Acc: 2.02% | F1: 0.0008
Epoch 069 - Val   Loss: 4.5702 | Acc: 1.55% | F1: 0.0005
Epoch 070 - Train Loss: 4.5842 | Acc: 2.02% | F1: 0.0008
Epoch 070 - Val   Loss: 4.5689 | Acc: 1.55% | F1: 0.0005
Epoch 071 - Train Loss: 4.5823 | Acc: 2.02% | F1: 0.0008
Epoch 071 - Val   Loss: 4.5695 | Acc: 1.55% | F1: 0.0005
Epoch 072 - Train Loss: 4.5795 | Acc: 2.02% | F1: 0.0008
Epoch 072 - Val   Loss: 4.5707 | Acc: 1.55% | F1: 0.0005
Epoch 073 - Train Loss: 4.5820 | Acc: 2.02% | F1: 0.0008
Epoch 073 - Val   Loss: 4.5693 | Acc: 1.55% | F1: 0.0005
Epoch 074 - Train Loss: 4.5839 | Acc: 2.02% | F1: 0.0008
Epoch 074 - Val   Loss: 4.5720 | Acc: 1.55% | F1: 0.0005
Epoch 075 - Train Loss: 4.5845 | Acc: 2.02% | F1: 0.0008
Epoch 075 - Val   Loss: 4.5717 | Acc: 1.55% | F1: 0.0005
Epoch 076 - Train Loss: 4.5833 | Acc: 2.02% | F1: 0.0008
Epoch 076 - Val   Loss: 4.5709 | Acc: 1.55% | F1: 0.0005
Epoch 077 - Train Loss: 4.5840 | Acc: 2.02% | F1: 0.0008
Epoch 077 - Val   Loss: 4.5719 | Acc: 1.55% | F1: 0.0005
Epoch 078 - Train Loss: 4.5814 | Acc: 2.02% | F1: 0.0008
Epoch 078 - Val   Loss: 4.5692 | Acc: 1.55% | F1: 0.0005
Epoch 079 - Train Loss: 4.5821 | Acc: 2.02% | F1: 0.0008
Epoch 079 - Val   Loss: 4.5705 | Acc: 1.55% | F1: 0.0005
Epoch 080 - Train Loss: 4.5829 | Acc: 2.02% | F1: 0.0008
Epoch 080 - Val   Loss: 4.5708 | Acc: 1.55% | F1: 0.0005
Epoch 081 - Train Loss: 4.5805 | Acc: 2.02% | F1: 0.0008
Epoch 081 - Val   Loss: 4.5738 | Acc: 1.55% | F1: 0.0005
Epoch 082 - Train Loss: 4.5772 | Acc: 2.02% | F1: 0.0008
Epoch 082 - Val   Loss: 4.5710 | Acc: 1.55% | F1: 0.0005
Epoch 083 - Train Loss: 4.5828 | Acc: 2.02% | F1: 0.0008
Epoch 083 - Val   Loss: 4.5752 | Acc: 1.55% | F1: 0.0005
Epoch 084 - Train Loss: 4.5801 | Acc: 2.02% | F1: 0.0008
Epoch 084 - Val   Loss: 4.5711 | Acc: 1.55% | F1: 0.0005
Epoch 085 - Train Loss: 4.5834 | Acc: 2.02% | F1: 0.0008
Epoch 085 - Val   Loss: 4.5679 | Acc: 1.55% | F1: 0.0005
Epoch 086 - Train Loss: 4.5807 | Acc: 2.02% | F1: 0.0008
Epoch 086 - Val   Loss: 4.5695 | Acc: 1.55% | F1: 0.0005
Epoch 087 - Train Loss: 4.5796 | Acc: 2.02% | F1: 0.0008
Epoch 087 - Val   Loss: 4.5686 | Acc: 1.55% | F1: 0.0005
Epoch 088 - Train Loss: 4.5840 | Acc: 2.02% | F1: 0.0008
Epoch 088 - Val   Loss: 4.5712 | Acc: 1.55% | F1: 0.0005
Epoch 089 - Train Loss: 4.5802 | Acc: 2.02% | F1: 0.0008
Epoch 089 - Val   Loss: 4.5712 | Acc: 1.55% | F1: 0.0005
Epoch 090 - Train Loss: 4.5830 | Acc: 2.02% | F1: 0.0008
Epoch 090 - Val   Loss: 4.5696 | Acc: 1.55% | F1: 0.0005
Epoch 091 - Train Loss: 4.5806 | Acc: 2.02% | F1: 0.0008
Epoch 091 - Val   Loss: 4.5693 | Acc: 1.55% | F1: 0.0005
Epoch 092 - Train Loss: 4.5825 | Acc: 2.02% | F1: 0.0008
Epoch 092 - Val   Loss: 4.5716 | Acc: 1.55% | F1: 0.0005
Epoch 093 - Train Loss: 4.5823 | Acc: 2.02% | F1: 0.0008
Epoch 093 - Val   Loss: 4.5711 | Acc: 1.55% | F1: 0.0005
Epoch 094 - Train Loss: 4.5794 | Acc: 2.02% | F1: 0.0008
Epoch 094 - Val   Loss: 4.5712 | Acc: 1.55% | F1: 0.0005
Epoch 095 - Train Loss: 4.5814 | Acc: 2.02% | F1: 0.0008
Epoch 095 - Val   Loss: 4.5702 | Acc: 1.55% | F1: 0.0005
Epoch 096 - Train Loss: 4.5804 | Acc: 2.02% | F1: 0.0008
Epoch 096 - Val   Loss: 4.5718 | Acc: 1.55% | F1: 0.0005
Epoch 097 - Train Loss: 4.5787 | Acc: 2.02% | F1: 0.0008
Epoch 097 - Val   Loss: 4.5691 | Acc: 1.55% | F1: 0.0005
Epoch 098 - Train Loss: 4.5824 | Acc: 2.02% | F1: 0.0008
Epoch 098 - Val   Loss: 4.5695 | Acc: 1.55% | F1: 0.0005
Epoch 099 - Train Loss: 4.5842 | Acc: 2.02% | F1: 0.0008
Epoch 099 - Val   Loss: 4.5704 | Acc: 1.55% | F1: 0.0005
Epoch 100 - Train Loss: 4.5811 | Acc: 2.02% | F1: 0.0008
Epoch 100 - Val   Loss: 4.5682 | Acc: 1.55% | F1: 0.0005

Training complete. Best validation accuracy: 1.55%
