{'word': '/export/fhome/jcomes/WLASL1/data/WLASL2000'} /export/fhome/jcomes/WLASL1/WLASL/I3D/preprocess/nslt_100.json
Skipped videos:  0
1780
Skipped videos:  0
258
Epoch 1
Train | Loss: 4.6222 | Acc: 0.90% | F1: 0.0012
Epoch 2
Train | Loss: 4.6139 | Acc: 0.90% | F1: 0.0015
Epoch 3
Train | Loss: 4.6132 | Acc: 1.57% | F1: 0.0018
Epoch 4
Train | Loss: 4.6233 | Acc: 1.63% | F1: 0.0027
Epoch 5
Train | Loss: 4.6101 | Acc: 1.85% | F1: 0.0012
Epoch 6
Train | Loss: 4.6118 | Acc: 1.85% | F1: 0.0021
Epoch 7
Train | Loss: 4.6243 | Acc: 1.80% | F1: 0.0024
Epoch 8
Train | Loss: 4.6234 | Acc: 1.80% | F1: 0.0025
Epoch 9
Train | Loss: 4.6160 | Acc: 1.91% | F1: 0.0045
Epoch 10
Train | Loss: 4.6095 | Acc: 1.85% | F1: 0.0037
Val   | Loss: 4.7459 | Acc: 1.16% | F1: 0.0020
Validation accuracy improved, model saved.
Epoch 11
Train | Loss: 4.6105 | Acc: 1.63% | F1: 0.0019
Epoch 12
Train | Loss: 4.6048 | Acc: 2.08% | F1: 0.0022
Epoch 13
Train | Loss: 4.6049 | Acc: 1.69% | F1: 0.0018
Epoch 14
Train | Loss: 4.6054 | Acc: 1.91% | F1: 0.0028
Epoch 15
Train | Loss: 4.6092 | Acc: 1.97% | F1: 0.0033
Epoch 16
Train | Loss: 4.6278 | Acc: 1.69% | F1: 0.0030
Epoch 17
Train | Loss: 4.6175 | Acc: 1.80% | F1: 0.0023
Epoch 18
Train | Loss: 4.6087 | Acc: 2.08% | F1: 0.0029
Epoch 19
Train | Loss: 4.6090 | Acc: 1.74% | F1: 0.0015
Epoch 20
Train | Loss: 4.6082 | Acc: 2.13% | F1: 0.0024
Val   | Loss: 4.6115 | Acc: 1.16% | F1: 0.0004
No improvement for 1 epoch(s).
Epoch 21
Train | Loss: 4.6079 | Acc: 1.97% | F1: 0.0035
Epoch 22
Train | Loss: 4.6141 | Acc: 1.46% | F1: 0.0016
Epoch 23
Train | Loss: 4.6046 | Acc: 2.19% | F1: 0.0044
Epoch 24
Train | Loss: 4.6063 | Acc: 2.08% | F1: 0.0038
Epoch 25
Train | Loss: 4.5954 | Acc: 1.80% | F1: 0.0041
Epoch 26
Train | Loss: 4.5900 | Acc: 1.91% | F1: 0.0025
Epoch 27
Train | Loss: 4.5900 | Acc: 2.36% | F1: 0.0038
Epoch 28
Train | Loss: 4.5913 | Acc: 1.91% | F1: 0.0041
Epoch 29
Train | Loss: 4.5813 | Acc: 1.97% | F1: 0.0057
Epoch 30
Train | Loss: 4.5786 | Acc: 2.02% | F1: 0.0046
Val   | Loss: 4.6117 | Acc: 1.94% | F1: 0.0025
Validation accuracy improved, model saved.
Epoch 31
Train | Loss: 4.5756 | Acc: 1.85% | F1: 0.0051
Epoch 32
Train | Loss: 4.5559 | Acc: 2.08% | F1: 0.0054
Epoch 33
Train | Loss: 4.5409 | Acc: 2.19% | F1: 0.0067
Epoch 34
Train | Loss: 4.5375 | Acc: 1.74% | F1: 0.0035
Epoch 35
Train | Loss: 4.5154 | Acc: 2.53% | F1: 0.0088
Epoch 36
Train | Loss: 4.5075 | Acc: 2.08% | F1: 0.0061
Epoch 37
Train | Loss: 4.4940 | Acc: 2.19% | F1: 0.0093
Epoch 38
Train | Loss: 4.4848 | Acc: 2.87% | F1: 0.0116
Epoch 39
Train | Loss: 4.4504 | Acc: 3.26% | F1: 0.0158
Epoch 40
Train | Loss: 4.4346 | Acc: 3.20% | F1: 0.0154
Val   | Loss: 4.6202 | Acc: 1.94% | F1: 0.0070
No improvement for 1 epoch(s).
Epoch 41
Train | Loss: 4.4003 | Acc: 2.87% | F1: 0.0156
Epoch 42
Train | Loss: 4.3872 | Acc: 3.37% | F1: 0.0187
Epoch 43
Train | Loss: 4.3308 | Acc: 3.93% | F1: 0.0193
Epoch 44
Train | Loss: 4.2957 | Acc: 4.04% | F1: 0.0265
Epoch 45
Train | Loss: 4.2084 | Acc: 5.45% | F1: 0.0337
Epoch 46
Train | Loss: 4.1214 | Acc: 5.11% | F1: 0.0326
Epoch 47
Train | Loss: 4.0418 | Acc: 6.69% | F1: 0.0441
Epoch 48
Train | Loss: 3.9422 | Acc: 7.13% | F1: 0.0498
Epoch 49
Train | Loss: 3.8693 | Acc: 9.33% | F1: 0.0702
Epoch 50
Train | Loss: 3.7957 | Acc: 8.65% | F1: 0.0670
Val   | Loss: 3.9540 | Acc: 5.81% | F1: 0.0396
Validation accuracy improved, model saved.
Epoch 51
Train | Loss: 3.7106 | Acc: 10.22% | F1: 0.0810
Epoch 52
Train | Loss: 3.6360 | Acc: 10.62% | F1: 0.0880
Epoch 53
Train | Loss: 3.5462 | Acc: 12.08% | F1: 0.0973
Epoch 54
Train | Loss: 3.4505 | Acc: 13.65% | F1: 0.1147
Epoch 55
Train | Loss: 3.3249 | Acc: 14.66% | F1: 0.1314
Epoch 56
Train | Loss: 3.2353 | Acc: 17.36% | F1: 0.1547
Epoch 57
Train | Loss: 3.1760 | Acc: 16.97% | F1: 0.1522
Epoch 58
Train | Loss: 3.0417 | Acc: 20.79% | F1: 0.1846
Epoch 59
Train | Loss: 2.9637 | Acc: 21.46% | F1: 0.1949
Epoch 60
Train | Loss: 2.8825 | Acc: 23.43% | F1: 0.2162
Val   | Loss: 3.0265 | Acc: 21.71% | F1: 0.1769
Validation accuracy improved, model saved.
Epoch 61
Train | Loss: 2.7947 | Acc: 24.94% | F1: 0.2294
Epoch 62
Train | Loss: 2.6932 | Acc: 26.74% | F1: 0.2477
Epoch 63
Train | Loss: 2.6496 | Acc: 27.08% | F1: 0.2523
Epoch 64
Train | Loss: 2.5680 | Acc: 29.10% | F1: 0.2762
Epoch 65
Train | Loss: 2.4751 | Acc: 30.90% | F1: 0.2911
Epoch 66
Train | Loss: 2.3896 | Acc: 33.71% | F1: 0.3226
Epoch 67
Train | Loss: 2.3131 | Acc: 33.93% | F1: 0.3237
Epoch 68
Train | Loss: 2.2669 | Acc: 35.84% | F1: 0.3478
Epoch 69
Train | Loss: 2.1666 | Acc: 38.15% | F1: 0.3650
Epoch 70
Train | Loss: 2.1092 | Acc: 40.84% | F1: 0.3983
Val   | Loss: 2.8362 | Acc: 25.58% | F1: 0.2202
Validation accuracy improved, model saved.
Epoch 71
Train | Loss: 2.0697 | Acc: 39.94% | F1: 0.3919
Epoch 72
Train | Loss: 1.9704 | Acc: 43.15% | F1: 0.4174
Epoch 73
Train | Loss: 1.9104 | Acc: 45.11% | F1: 0.4424
Epoch 74
Train | Loss: 1.8412 | Acc: 46.18% | F1: 0.4515
Epoch 75
Train | Loss: 1.7695 | Acc: 47.75% | F1: 0.4719
Epoch 76
Train | Loss: 1.7063 | Acc: 50.11% | F1: 0.4931
Epoch 77
Train | Loss: 1.6638 | Acc: 52.64% | F1: 0.5181
Epoch 78
Train | Loss: 1.5123 | Acc: 55.90% | F1: 0.5518
Epoch 79
Train | Loss: 1.5389 | Acc: 53.71% | F1: 0.5319
Epoch 80
Train | Loss: 1.4640 | Acc: 55.67% | F1: 0.5509
Val   | Loss: 2.9484 | Acc: 25.19% | F1: 0.2193
No improvement for 1 epoch(s).
Epoch 81
Train | Loss: 1.3586 | Acc: 60.45% | F1: 0.6007
Epoch 82
Train | Loss: 1.3224 | Acc: 61.18% | F1: 0.6076
Epoch 83
Train | Loss: 1.3092 | Acc: 61.52% | F1: 0.6128
Epoch 84
Train | Loss: 1.2845 | Acc: 60.39% | F1: 0.5993
Epoch 85
Train | Loss: 1.1892 | Acc: 64.89% | F1: 0.6453
Epoch 86
Train | Loss: 1.1381 | Acc: 65.17% | F1: 0.6489
Epoch 87
Train | Loss: 1.0944 | Acc: 67.19% | F1: 0.6682
Epoch 88
Train | Loss: 1.0402 | Acc: 68.71% | F1: 0.6842
Epoch 89
Train | Loss: 1.0502 | Acc: 68.09% | F1: 0.6783
Epoch 90
Train | Loss: 0.9269 | Acc: 72.25% | F1: 0.7197
Val   | Loss: 3.2963 | Acc: 28.29% | F1: 0.2584
Validation accuracy improved, model saved.
Epoch 91
Train | Loss: 0.9322 | Acc: 71.52% | F1: 0.7137
Epoch 92
Train | Loss: 0.8623 | Acc: 74.04% | F1: 0.7405
Epoch 93
Train | Loss: 0.8504 | Acc: 73.43% | F1: 0.7334
Epoch 94
Train | Loss: 0.8181 | Acc: 74.83% | F1: 0.7480
Epoch 95
Train | Loss: 0.8117 | Acc: 75.67% | F1: 0.7556
Epoch 96
Train | Loss: 0.7903 | Acc: 75.45% | F1: 0.7547
Epoch 97
Train | Loss: 0.7427 | Acc: 77.53% | F1: 0.7739
Epoch 98
Train | Loss: 0.7430 | Acc: 77.42% | F1: 0.7738
Epoch 99
Train | Loss: 0.6856 | Acc: 79.16% | F1: 0.7908
Epoch 100
Train | Loss: 0.6391 | Acc: 80.62% | F1: 0.8059
Val   | Loss: 3.2093 | Acc: 28.68% | F1: 0.2608
Validation accuracy improved, model saved.
Epoch 101
Train | Loss: 0.4718 | Acc: 86.29% | F1: 0.8610
Epoch 102
Train | Loss: 0.3812 | Acc: 90.39% | F1: 0.9036
Epoch 103
Train | Loss: 0.3422 | Acc: 90.90% | F1: 0.9085
Epoch 104
Train | Loss: 0.3199 | Acc: 91.63% | F1: 0.9161
Epoch 105
Train | Loss: 0.2922 | Acc: 92.58% | F1: 0.9253
Epoch 106
Train | Loss: 0.2830 | Acc: 92.70% | F1: 0.9268
Epoch 107
Train | Loss: 0.2818 | Acc: 92.36% | F1: 0.9236
Epoch 108
Train | Loss: 0.2813 | Acc: 92.81% | F1: 0.9280
Epoch 109
Train | Loss: 0.2637 | Acc: 93.20% | F1: 0.9322
Epoch 110
Train | Loss: 0.2361 | Acc: 94.44% | F1: 0.9445
Val   | Loss: 2.9926 | Acc: 41.86% | F1: 0.3998
Validation accuracy improved, model saved.
Epoch 111
Train | Loss: 0.2464 | Acc: 94.33% | F1: 0.9428
Epoch 112
Train | Loss: 0.2306 | Acc: 94.55% | F1: 0.9455
Epoch 113
Train | Loss: 0.2311 | Acc: 94.83% | F1: 0.9483
Epoch 114
Train | Loss: 0.2198 | Acc: 94.49% | F1: 0.9450
Epoch 115
Train | Loss: 0.2010 | Acc: 94.83% | F1: 0.9482
Epoch 116
Train | Loss: 0.2088 | Acc: 94.66% | F1: 0.9465
Epoch 117
Train | Loss: 0.1994 | Acc: 94.83% | F1: 0.9483
Epoch 118
Train | Loss: 0.1887 | Acc: 95.39% | F1: 0.9538
Epoch 119
Train | Loss: 0.1905 | Acc: 95.17% | F1: 0.9513
Epoch 120
Train | Loss: 0.1902 | Acc: 95.06% | F1: 0.9507
Val   | Loss: 3.1354 | Acc: 41.47% | F1: 0.3893
No improvement for 1 epoch(s).
Epoch 121
Train | Loss: 0.1935 | Acc: 95.28% | F1: 0.9528
Epoch 122
Train | Loss: 0.1799 | Acc: 95.06% | F1: 0.9506
Epoch 123
Train | Loss: 0.1723 | Acc: 95.39% | F1: 0.9539
Epoch 124
Train | Loss: 0.1566 | Acc: 96.97% | F1: 0.9696
Epoch 125
Train | Loss: 0.1702 | Acc: 96.18% | F1: 0.9619
Epoch 126
Train | Loss: 0.1732 | Acc: 95.67% | F1: 0.9566
Epoch 127
Train | Loss: 0.1693 | Acc: 96.07% | F1: 0.9606
Epoch 128
Train | Loss: 0.1611 | Acc: 96.40% | F1: 0.9641
Epoch 129
Train | Loss: 0.1674 | Acc: 95.90% | F1: 0.9589
Epoch 130
Train | Loss: 0.1685 | Acc: 96.07% | F1: 0.9608
Val   | Loss: 3.1785 | Acc: 42.25% | F1: 0.3916
Validation accuracy improved, model saved.
Epoch 131
Train | Loss: 0.1574 | Acc: 95.96% | F1: 0.9595
Epoch 132
Train | Loss: 0.1450 | Acc: 96.74% | F1: 0.9673
Epoch 133
Train | Loss: 0.1434 | Acc: 96.57% | F1: 0.9656
Epoch 134
Train | Loss: 0.1348 | Acc: 97.19% | F1: 0.9719
Epoch 135
Train | Loss: 0.1450 | Acc: 96.63% | F1: 0.9663
Epoch 136
Train | Loss: 0.1388 | Acc: 97.19% | F1: 0.9718
Epoch 137
Train | Loss: 0.1354 | Acc: 96.91% | F1: 0.9690
Epoch 138
Train | Loss: 0.1453 | Acc: 96.24% | F1: 0.9624
Epoch 139
Train | Loss: 0.1389 | Acc: 96.29% | F1: 0.9628
Epoch 140
Train | Loss: 0.1393 | Acc: 96.91% | F1: 0.9692
Val   | Loss: 3.2706 | Acc: 41.47% | F1: 0.3844
No improvement for 1 epoch(s).
Epoch 141
Train | Loss: 0.1247 | Acc: 96.91% | F1: 0.9691
Epoch 142
Train | Loss: 0.1199 | Acc: 97.42% | F1: 0.9740
Epoch 143
Train | Loss: 0.1212 | Acc: 97.02% | F1: 0.9702
Epoch 144
Train | Loss: 0.1294 | Acc: 97.08% | F1: 0.9708
Epoch 145
Train | Loss: 0.1186 | Acc: 97.42% | F1: 0.9741
Epoch 146
Train | Loss: 0.1226 | Acc: 97.30% | F1: 0.9730
Epoch 147
Train | Loss: 0.1333 | Acc: 96.85% | F1: 0.9685
Epoch 148
Train | Loss: 0.1207 | Acc: 96.97% | F1: 0.9696
Epoch 149
Train | Loss: 0.1141 | Acc: 97.47% | F1: 0.9746
Epoch 150
Train | Loss: 0.1086 | Acc: 97.70% | F1: 0.9769
Val   | Loss: 3.3215 | Acc: 40.70% | F1: 0.3809
No improvement for 2 epoch(s).
Epoch 151
Train | Loss: 0.1066 | Acc: 97.75% | F1: 0.9776
Epoch 152
Train | Loss: 0.1060 | Acc: 97.81% | F1: 0.9781
Epoch 153
Train | Loss: 0.0968 | Acc: 98.03% | F1: 0.9804
Epoch 154
Train | Loss: 0.1215 | Acc: 97.13% | F1: 0.9713
Epoch 155
Train | Loss: 0.1173 | Acc: 96.97% | F1: 0.9697
Epoch 156
Train | Loss: 0.1087 | Acc: 97.53% | F1: 0.9752
Epoch 157
Train | Loss: 0.0946 | Acc: 97.92% | F1: 0.9792
Epoch 158
Train | Loss: 0.1006 | Acc: 97.81% | F1: 0.9781
Epoch 159
Train | Loss: 0.0938 | Acc: 97.75% | F1: 0.9775
Epoch 160
Train | Loss: 0.1115 | Acc: 97.64% | F1: 0.9764
Val   | Loss: 3.2763 | Acc: 42.64% | F1: 0.4107
Validation accuracy improved, model saved.
Epoch 161
Train | Loss: 0.0988 | Acc: 98.09% | F1: 0.9809
Epoch 162
Train | Loss: 0.0907 | Acc: 97.70% | F1: 0.9769
Epoch 163
Train | Loss: 0.0921 | Acc: 98.20% | F1: 0.9821
Epoch 164
Train | Loss: 0.0909 | Acc: 97.64% | F1: 0.9764
Epoch 165
Train | Loss: 0.0847 | Acc: 97.64% | F1: 0.9765
Epoch 166
Train | Loss: 0.0888 | Acc: 98.26% | F1: 0.9826
Epoch 167
Train | Loss: 0.0826 | Acc: 98.20% | F1: 0.9820
Epoch 168
Train | Loss: 0.0732 | Acc: 98.15% | F1: 0.9814
Epoch 169
Train | Loss: 0.0772 | Acc: 98.76% | F1: 0.9876
Epoch 170
Train | Loss: 0.0738 | Acc: 98.54% | F1: 0.9854
Val   | Loss: 3.3458 | Acc: 43.02% | F1: 0.4083
Validation accuracy improved, model saved.
Epoch 171
Train | Loss: 0.0778 | Acc: 98.37% | F1: 0.9837
Epoch 172
Train | Loss: 0.0772 | Acc: 98.76% | F1: 0.9877
Epoch 173
Train | Loss: 0.0773 | Acc: 98.60% | F1: 0.9859
Epoch 174
Train | Loss: 0.0870 | Acc: 97.81% | F1: 0.9781
Epoch 175
Train | Loss: 0.0761 | Acc: 98.26% | F1: 0.9826
Epoch 176
Train | Loss: 0.0880 | Acc: 97.42% | F1: 0.9742
Epoch 177
Train | Loss: 0.0730 | Acc: 98.43% | F1: 0.9843
Epoch 178
Train | Loss: 0.0661 | Acc: 98.82% | F1: 0.9882
Epoch 179
Train | Loss: 0.0841 | Acc: 97.98% | F1: 0.9797
Epoch 180
Train | Loss: 0.0716 | Acc: 98.31% | F1: 0.9831
Val   | Loss: 3.5561 | Acc: 44.19% | F1: 0.4166
Validation accuracy improved, model saved.
Epoch 181
Train | Loss: 0.0756 | Acc: 98.43% | F1: 0.9844
Epoch 182
Train | Loss: 0.0744 | Acc: 98.37% | F1: 0.9838
Epoch 183
Train | Loss: 0.0674 | Acc: 98.76% | F1: 0.9877
Epoch 184
Train | Loss: 0.0631 | Acc: 98.82% | F1: 0.9882
Epoch 185
Train | Loss: 0.0729 | Acc: 98.09% | F1: 0.9808
Epoch 186
Train | Loss: 0.0585 | Acc: 98.82% | F1: 0.9882
Epoch 187
Train | Loss: 0.0551 | Acc: 98.93% | F1: 0.9893
Epoch 188
Train | Loss: 0.0612 | Acc: 98.60% | F1: 0.9859
Epoch 189
Train | Loss: 0.0707 | Acc: 98.20% | F1: 0.9820
Epoch 190
Train | Loss: 0.0590 | Acc: 99.04% | F1: 0.9905
Val   | Loss: 3.5691 | Acc: 41.86% | F1: 0.3929
No improvement for 1 epoch(s).
Epoch 191
Train | Loss: 0.0677 | Acc: 98.31% | F1: 0.9831
Epoch 192
Train | Loss: 0.0614 | Acc: 98.88% | F1: 0.9888
Epoch 193
Train | Loss: 0.0689 | Acc: 98.65% | F1: 0.9865
Epoch 194
Train | Loss: 0.0634 | Acc: 98.54% | F1: 0.9854
Epoch 195
Train | Loss: 0.0554 | Acc: 98.65% | F1: 0.9865
Epoch 196
Train | Loss: 0.0670 | Acc: 98.43% | F1: 0.9843
Epoch 197
Train | Loss: 0.0645 | Acc: 98.31% | F1: 0.9830
Epoch 198
Train | Loss: 0.0576 | Acc: 98.76% | F1: 0.9877
Epoch 199
Train | Loss: 0.0633 | Acc: 98.71% | F1: 0.9871
Epoch 200
Train | Loss: 0.0507 | Acc: 98.93% | F1: 0.9893
Val   | Loss: 3.5730 | Acc: 42.64% | F1: 0.4029
No improvement for 2 epoch(s).
Epoch 201
Train | Loss: 0.0509 | Acc: 98.88% | F1: 0.9887
Epoch 202
Train | Loss: 0.0499 | Acc: 98.88% | F1: 0.9888
Epoch 203
Train | Loss: 0.0480 | Acc: 99.38% | F1: 0.9938
Epoch 204
Train | Loss: 0.0488 | Acc: 98.93% | F1: 0.9894
Epoch 205
Train | Loss: 0.0491 | Acc: 99.16% | F1: 0.9915
Epoch 206
Train | Loss: 0.0430 | Acc: 99.04% | F1: 0.9905
Epoch 207
Train | Loss: 0.0410 | Acc: 99.27% | F1: 0.9926
Epoch 208
Train | Loss: 0.0507 | Acc: 98.99% | F1: 0.9898
Epoch 209
Train | Loss: 0.0370 | Acc: 99.44% | F1: 0.9944
Epoch 210
Train | Loss: 0.0465 | Acc: 98.99% | F1: 0.9899
Val   | Loss: 3.4644 | Acc: 45.74% | F1: 0.4290
Validation accuracy improved, model saved.
Epoch 211
Train | Loss: 0.0459 | Acc: 98.93% | F1: 0.9894
Epoch 212
Train | Loss: 0.0421 | Acc: 99.27% | F1: 0.9927
Epoch 213
Train | Loss: 0.0427 | Acc: 99.38% | F1: 0.9938
Epoch 214
Train | Loss: 0.0436 | Acc: 99.21% | F1: 0.9921
Epoch 215
Train | Loss: 0.0429 | Acc: 99.10% | F1: 0.9910
Epoch 216
Train | Loss: 0.0485 | Acc: 98.82% | F1: 0.9882
Epoch 217
Train | Loss: 0.0443 | Acc: 98.99% | F1: 0.9899
Epoch 218
Train | Loss: 0.0477 | Acc: 99.10% | F1: 0.9910
Epoch 219
Train | Loss: 0.0362 | Acc: 99.44% | F1: 0.9944
Epoch 220
Train | Loss: 0.0385 | Acc: 99.44% | F1: 0.9944
Val   | Loss: 3.4345 | Acc: 44.57% | F1: 0.4168
No improvement for 1 epoch(s).
Epoch 221
Train | Loss: 0.0345 | Acc: 99.44% | F1: 0.9944
Epoch 222
Train | Loss: 0.0387 | Acc: 99.27% | F1: 0.9927
Epoch 223
Train | Loss: 0.0417 | Acc: 99.27% | F1: 0.9927
Epoch 224
Train | Loss: 0.0423 | Acc: 99.04% | F1: 0.9905
Epoch 225
Train | Loss: 0.0421 | Acc: 99.04% | F1: 0.9904
Epoch 226
Train | Loss: 0.0389 | Acc: 99.16% | F1: 0.9916
Epoch 227
Train | Loss: 0.0479 | Acc: 98.71% | F1: 0.9871
Epoch 228
Train | Loss: 0.0388 | Acc: 99.21% | F1: 0.9921
Epoch 229
Train | Loss: 0.0361 | Acc: 99.49% | F1: 0.9949
Epoch 230
Train | Loss: 0.0429 | Acc: 98.76% | F1: 0.9876
Val   | Loss: 3.4199 | Acc: 42.25% | F1: 0.3980
No improvement for 2 epoch(s).
Epoch 231
Train | Loss: 0.0391 | Acc: 99.21% | F1: 0.9921
Epoch 232
Train | Loss: 0.0387 | Acc: 99.27% | F1: 0.9927
Epoch 233
Train | Loss: 0.0461 | Acc: 98.93% | F1: 0.9893
Epoch 234
Train | Loss: 0.0399 | Acc: 99.38% | F1: 0.9938
Epoch 235
Train | Loss: 0.0443 | Acc: 99.21% | F1: 0.9921
Epoch 236
Train | Loss: 0.0484 | Acc: 98.93% | F1: 0.9893
Epoch 237
Train | Loss: 0.0333 | Acc: 99.33% | F1: 0.9932
Epoch 238
Train | Loss: 0.0395 | Acc: 99.33% | F1: 0.9933
Epoch 239
Train | Loss: 0.0414 | Acc: 99.21% | F1: 0.9922
Epoch 240
Train | Loss: 0.0429 | Acc: 99.16% | F1: 0.9916
Val   | Loss: 3.3745 | Acc: 45.35% | F1: 0.4275
No improvement for 3 epoch(s).
Epoch 241
Train | Loss: 0.0485 | Acc: 99.16% | F1: 0.9916
Epoch 242
Train | Loss: 0.0379 | Acc: 99.44% | F1: 0.9944
Epoch 243
Train | Loss: 0.0399 | Acc: 99.27% | F1: 0.9927
Epoch 244
Train | Loss: 0.0470 | Acc: 99.04% | F1: 0.9904
Epoch 245
Train | Loss: 0.0407 | Acc: 99.27% | F1: 0.9927
Epoch 246
Train | Loss: 0.0457 | Acc: 99.21% | F1: 0.9921
Epoch 247
Train | Loss: 0.0389 | Acc: 99.38% | F1: 0.9938
Epoch 248
Train | Loss: 0.0446 | Acc: 98.99% | F1: 0.9899
Epoch 249
Train | Loss: 0.0342 | Acc: 99.27% | F1: 0.9927
Epoch 250
Train | Loss: 0.0423 | Acc: 99.10% | F1: 0.9910
Val   | Loss: 3.4644 | Acc: 43.41% | F1: 0.4102
No improvement for 4 epoch(s).
Epoch 251
Train | Loss: 0.0380 | Acc: 99.33% | F1: 0.9933
Epoch 252
Train | Loss: 0.0434 | Acc: 99.16% | F1: 0.9916
Epoch 253
Train | Loss: 0.0405 | Acc: 98.99% | F1: 0.9899
Epoch 254
Train | Loss: 0.0394 | Acc: 99.16% | F1: 0.9916
Epoch 255
Train | Loss: 0.0351 | Acc: 99.61% | F1: 0.9961
Epoch 256
Train | Loss: 0.0407 | Acc: 98.99% | F1: 0.9899
Epoch 257
Train | Loss: 0.0461 | Acc: 99.10% | F1: 0.9910
Epoch 258
Train | Loss: 0.0364 | Acc: 99.44% | F1: 0.9944
Epoch 259
Train | Loss: 0.0353 | Acc: 99.33% | F1: 0.9933
Epoch 260
Train | Loss: 0.0360 | Acc: 99.49% | F1: 0.9950
Val   | Loss: 3.4597 | Acc: 45.74% | F1: 0.4308
No improvement for 5 epoch(s).
Early stopping triggered.
